<?xml version="1.0" encoding="UTF-8"?>
<!-- Generated by org.testng.reporters.JUnitXMLReporter -->
<testsuite ignored="0" hostname="Oviya" failures="0" tests="4" name="Test" time="8.227" errors="0" timestamp="2023-09-19T05:50:16 IST">
  <testcase classname="com.day8.CreateUser" name="createUserTest" time="3.542"/>
  <testcase classname="com.day8.GetUser" name="getUserDetails" time="1.638"/>
  <testcase classname="com.day8.UpdateUser" name="upDateUser" time="1.569"/>
  <testcase classname="com.day8.DeleteUser" name="deletUser" time="1.433"/>
</testsuite> <!-- Test -->
