<?xml version="1.0" encoding="UTF-8"?>
<testng-results ignored="0" total="2" passed="2" failed="0" skipped="0">
  <reporter-output>
  </reporter-output>
  <suite started-at="2023-10-01T02:41:34 IST" name="Default suite" finished-at="2023-10-01T02:41:36 IST" duration-ms="1497">
    <groups>
    </groups>
    <test started-at="2023-10-01T02:41:34 IST" name="Default test" finished-at="2023-10-01T02:41:36 IST" duration-ms="1497">
      <class name="com.pojo.OauthTest">
        <test-method signature="getCourse()[pri:1, instance:com.pojo.OauthTest@477b4cdf]" started-at="2023-10-01T02:41:34 IST" name="getCourse" finished-at="2023-10-01T02:41:36 IST" duration-ms="1193" status="PASS">
          <reporter-output>
          </reporter-output>
        </test-method> <!-- getCourse -->
        <test-method signature="course()[pri:2, instance:com.pojo.OauthTest@477b4cdf]" started-at="2023-10-01T02:41:36 IST" name="course" finished-at="2023-10-01T02:41:36 IST" duration-ms="252" status="PASS">
          <reporter-output>
          </reporter-output>
        </test-method> <!-- course -->
      </class> <!-- com.pojo.OauthTest -->
    </test> <!-- Default test -->
  </suite> <!-- Default suite -->
</testng-results>
